Using pre-set license
Built from '2020.3/staging' branch; Version is '2020.3.5f1 (8095aa901b9b) revision 8426922'; Using compiler version '192528614'; Build Type 'Release'
OS: 'Windows 10 Pro; OS build 19043.1165; Version 2009; 64bit' Language: 'en' Physical Memory: 16334 MB
BatchMode: 1, IsHumanControllingUs: 0, StartBugReporterOnCrash: 0, Is64bit: 1, IsPro: 0

 COMMAND LINE ARGUMENTS:
D:\Unity\2020.3.5f1\Editor\Unity.exe
-adb2
-batchMode
-noUpm
-name
AssetImportWorker0
-projectPath
F:/B/GraphicsPipelineB
-logFile
Logs/AssetImportWorker0.log
-srvPort
53219
Successfully changed project path to: F:/B/GraphicsPipelineB
F:/B/GraphicsPipelineB
Using Asset Import Pipeline V2.
Refreshing native plugins compatible for Editor in 23.60 ms, found 0 plugins.
Preloading 0 native plugins for Editor in 0.00 ms.
Initialize engine version: 2020.3.5f1 (8095aa901b9b)
[Subsystems] Discovering subsystems at path D:/Unity/2020.3.5f1/Editor/Data/Resources/UnitySubsystems
[Subsystems] Discovering subsystems at path F:/B/GraphicsPipelineB/Assets
GfxDevice: creating device client; threaded=0
Direct3D:
    Version:  Direct3D 11.0 [level 11.1]
    Renderer: Radeon RX 5500 XT (ID=0x7340)
    Vendor:   
    VRAM:     8151 MB
    Driver:   27.20.22023.1004
Initialize mono
Mono path[0] = 'D:/Unity/2020.3.5f1/Editor/Data/Managed'
Mono path[1] = 'D:/Unity/2020.3.5f1/Editor/Data/MonoBleedingEdge/lib/mono/unityjit'
Mono config path = 'D:/Unity/2020.3.5f1/Editor/Data/MonoBleedingEdge/etc'
Using monoOptions --debugger-agent=transport=dt_socket,embedding=1,server=y,suspend=n,address=127.0.0.1:56624
Begin MonoManager ReloadAssembly
Registering precompiled unity dll's ...
Register platform support module: D:/Unity/2020.3.5f1/Editor/Data/PlaybackEngines/WindowsStandaloneSupport/UnityEditor.WindowsStandalone.Extensions.dll
Register platform support module: D:/Unity/2020.3.5f1/Editor/Data/PlaybackEngines/LinuxStandaloneSupport/UnityEditor.LinuxStandalone.Extensions.dll
Registered in 0.001462 seconds.
Native extension for LinuxStandalone target not found
Native extension for WindowsStandalone target not found
Refreshing native plugins compatible for Editor in 25.72 ms, found 0 plugins.
Preloading 0 native plugins for Editor in 0.00 ms.
Mono: successfully reloaded assembly
- Completed reload, in  1.265 seconds
Platform modules already initialized, skipping
Registering precompiled user dll's ...
Registered in 0.000864 seconds.
Begin MonoManager ReloadAssembly
Native extension for LinuxStandalone target not found
Native extension for WindowsStandalone target not found
Refreshing native plugins compatible for Editor in 0.20 ms, found 0 plugins.
Preloading 0 native plugins for Editor in 0.00 ms.
Mono: successfully reloaded assembly
- Completed reload, in  0.864 seconds
Platform modules already initialized, skipping
========================================================================
Worker process is ready to serve import requests
Launched and connected shader compiler UnityShaderCompiler.exe after 0.04 seconds
Refreshing native plugins compatible for Editor in 0.19 ms, found 0 plugins.
Preloading 0 native plugins for Editor in 0.00 ms.
Unloading 1118 Unused Serialized files (Serialized files now loaded: 0)
System memory in use before: 57.3 MB.
System memory in use after: 57.3 MB.

Unloading 10 unused Assets to reduce memory usage. Loaded Objects now: 1560.
Total: 2.691600 ms (FindLiveObjects: 0.204200 ms CreateObjectMapping: 0.031600 ms MarkObjects: 2.372800 ms  DeleteObjects: 0.081500 ms)

========================================================================
Received Import Request.
  path: Assets/Scripts/Pipeline.cs
  artifactKey: Guid(66a4d7df887f0cc4785ae7dcb7b935ff) Importer(815301076,1909f56bfc062723c751e8b465ee728b)
Start importing Assets/Scripts/Pipeline.cs using Guid(66a4d7df887f0cc4785ae7dcb7b935ff) Importer(815301076,1909f56bfc062723c751e8b465ee728b)  -> (artifact id: '450b1ec50d8969c43d5cbe746b9b2421') in 0.066495 seconds
  Import took 0.068374 seconds .

========================================================================
Received Prepare
Registering precompiled user dll's ...
Registered in 0.000914 seconds.
Begin MonoManager ReloadAssembly
Native extension for LinuxStandalone target not found
Native extension for WindowsStandalone target not found
Refreshing native plugins compatible for Editor in 0.20 ms, found 0 plugins.
Preloading 0 native plugins for Editor in 0.00 ms.
Mono: successfully reloaded assembly
- Completed reload, in  0.796 seconds
Platform modules already initialized, skipping
Refreshing native plugins compatible for Editor in 0.19 ms, found 0 plugins.
Preloading 0 native plugins for Editor in 0.00 ms.
Unloading 1113 Unused Serialized files (Serialized files now loaded: 0)
System memory in use before: 57.2 MB.
System memory in use after: 57.3 MB.

Unloading 5 unused Assets to reduce memory usage. Loaded Objects now: 1563.
Total: 2.002600 ms (FindLiveObjects: 0.234800 ms CreateObjectMapping: 0.061900 ms MarkObjects: 1.639900 ms  DeleteObjects: 0.064400 ms)

========================================================================
Received Prepare
Registering precompiled user dll's ...
Registered in 0.000831 seconds.
Begin MonoManager ReloadAssembly
Native extension for LinuxStandalone target not found
Native extension for WindowsStandalone target not found
Refreshing native plugins compatible for Editor in 0.20 ms, found 0 plugins.
Preloading 0 native plugins for Editor in 0.00 ms.
Mono: successfully reloaded assembly
- Completed reload, in  0.784 seconds
Platform modules already initialized, skipping
Refreshing native plugins compatible for Editor in 0.20 ms, found 0 plugins.
Preloading 0 native plugins for Editor in 0.00 ms.
Unloading 1113 Unused Serialized files (Serialized files now loaded: 0)
System memory in use before: 57.3 MB.
System memory in use after: 57.3 MB.

Unloading 5 unused Assets to reduce memory usage. Loaded Objects now: 1566.
Total: 2.209600 ms (FindLiveObjects: 0.216200 ms CreateObjectMapping: 0.033300 ms MarkObjects: 1.897700 ms  DeleteObjects: 0.061000 ms)

========================================================================
Received Prepare
Registering precompiled user dll's ...
Registered in 0.000847 seconds.
Begin MonoManager ReloadAssembly
Native extension for LinuxStandalone target not found
Native extension for WindowsStandalone target not found
Refreshing native plugins compatible for Editor in 0.20 ms, found 0 plugins.
Preloading 0 native plugins for Editor in 0.00 ms.
Mono: successfully reloaded assembly
- Completed reload, in  0.831 seconds
Platform modules already initialized, skipping
Refreshing native plugins compatible for Editor in 0.21 ms, found 0 plugins.
Preloading 0 native plugins for Editor in 0.00 ms.
Unloading 1113 Unused Serialized files (Serialized files now loaded: 0)
System memory in use before: 57.3 MB.
System memory in use after: 57.3 MB.

Unloading 5 unused Assets to reduce memory usage. Loaded Objects now: 1569.
Total: 2.351800 ms (FindLiveObjects: 0.207800 ms CreateObjectMapping: 0.028700 ms MarkObjects: 2.030500 ms  DeleteObjects: 0.082000 ms)

========================================================================
Received Import Request.
  Time since last request: 42.339554 seconds.
  path: Assets/Scripts/Pipeline.cs
  artifactKey: Guid(66a4d7df887f0cc4785ae7dcb7b935ff) Importer(815301076,1909f56bfc062723c751e8b465ee728b)
Start importing Assets/Scripts/Pipeline.cs using Guid(66a4d7df887f0cc4785ae7dcb7b935ff) Importer(815301076,1909f56bfc062723c751e8b465ee728b)  -> (artifact id: 'e3690ceda687c91a8476e8686221b766') in 0.004436 seconds
  Import took 0.006343 seconds .

========================================================================
Received Import Request.
  Time since last request: 1.706141 seconds.
  path: Assets/Scripts/Pipeline.cs
  artifactKey: Guid(66a4d7df887f0cc4785ae7dcb7b935ff) Importer(815301076,1909f56bfc062723c751e8b465ee728b)
Start importing Assets/Scripts/Pipeline.cs using Guid(66a4d7df887f0cc4785ae7dcb7b935ff) Importer(815301076,1909f56bfc062723c751e8b465ee728b)  -> (artifact id: 'e3690ceda687c91a8476e8686221b766') in 0.002581 seconds
  Import took 0.004684 seconds .

========================================================================
Received Prepare
Registering precompiled user dll's ...
Registered in 0.001120 seconds.
Begin MonoManager ReloadAssembly
Native extension for LinuxStandalone target not found
Native extension for WindowsStandalone target not found
Refreshing native plugins compatible for Editor in 0.20 ms, found 0 plugins.
Preloading 0 native plugins for Editor in 0.00 ms.
Mono: successfully reloaded assembly
- Completed reload, in  0.789 seconds
Platform modules already initialized, skipping
Refreshing native plugins compatible for Editor in 0.20 ms, found 0 plugins.
Preloading 0 native plugins for Editor in 0.00 ms.
Unloading 1113 Unused Serialized files (Serialized files now loaded: 0)
System memory in use before: 57.3 MB.
System memory in use after: 57.4 MB.

Unloading 5 unused Assets to reduce memory usage. Loaded Objects now: 1572.
Total: 2.200200 ms (FindLiveObjects: 0.239500 ms CreateObjectMapping: 0.032000 ms MarkObjects: 1.857000 ms  DeleteObjects: 0.070300 ms)

========================================================================
Received Import Request.
  Time since last request: 79.792912 seconds.
  path: Assets/Scripts/Pipeline.cs
  artifactKey: Guid(66a4d7df887f0cc4785ae7dcb7b935ff) Importer(815301076,1909f56bfc062723c751e8b465ee728b)
Start importing Assets/Scripts/Pipeline.cs using Guid(66a4d7df887f0cc4785ae7dcb7b935ff) Importer(815301076,1909f56bfc062723c751e8b465ee728b)  -> (artifact id: '3301ab4d396c63601ca002ae28547acb') in 0.004423 seconds
  Import took 0.006303 seconds .

========================================================================
Received Import Request.
  Time since last request: 1.569176 seconds.
  path: Assets/Scripts/Pipeline.cs
  artifactKey: Guid(66a4d7df887f0cc4785ae7dcb7b935ff) Importer(815301076,1909f56bfc062723c751e8b465ee728b)
Start importing Assets/Scripts/Pipeline.cs using Guid(66a4d7df887f0cc4785ae7dcb7b935ff) Importer(815301076,1909f56bfc062723c751e8b465ee728b)  -> (artifact id: '3301ab4d396c63601ca002ae28547acb') in 0.020879 seconds
  Import took 0.022684 seconds .

========================================================================
Received Prepare
Registering precompiled user dll's ...
Registered in 0.000857 seconds.
Begin MonoManager ReloadAssembly
Native extension for LinuxStandalone target not found
Native extension for WindowsStandalone target not found
Refreshing native plugins compatible for Editor in 0.20 ms, found 0 plugins.
Preloading 0 native plugins for Editor in 0.00 ms.
Mono: successfully reloaded assembly
- Completed reload, in  0.791 seconds
Platform modules already initialized, skipping
Refreshing native plugins compatible for Editor in 0.19 ms, found 0 plugins.
Preloading 0 native plugins for Editor in 0.00 ms.
Unloading 1113 Unused Serialized files (Serialized files now loaded: 0)
System memory in use before: 57.3 MB.
System memory in use after: 57.4 MB.

Unloading 5 unused Assets to reduce memory usage. Loaded Objects now: 1575.
Total: 1.723400 ms (FindLiveObjects: 0.182000 ms CreateObjectMapping: 0.028700 ms MarkObjects: 1.456000 ms  DeleteObjects: 0.055400 ms)

========================================================================
Received Prepare
Registering precompiled user dll's ...
Registered in 0.000835 seconds.
Begin MonoManager ReloadAssembly
Native extension for LinuxStandalone target not found
Native extension for WindowsStandalone target not found
Refreshing native plugins compatible for Editor in 0.19 ms, found 0 plugins.
Preloading 0 native plugins for Editor in 0.00 ms.
Mono: successfully reloaded assembly
- Completed reload, in  0.784 seconds
Platform modules already initialized, skipping
Refreshing native plugins compatible for Editor in 0.23 ms, found 0 plugins.
Preloading 0 native plugins for Editor in 0.00 ms.
Unloading 1113 Unused Serialized files (Serialized files now loaded: 0)
System memory in use before: 57.3 MB.
System memory in use after: 57.4 MB.

Unloading 5 unused Assets to reduce memory usage. Loaded Objects now: 1578.
Total: 1.869800 ms (FindLiveObjects: 0.243400 ms CreateObjectMapping: 0.050900 ms MarkObjects: 1.515900 ms  DeleteObjects: 0.058100 ms)

========================================================================
Received Import Request.
  Time since last request: 365.987727 seconds.
  path: Assets/Scripts/Pipeline.cs
  artifactKey: Guid(66a4d7df887f0cc4785ae7dcb7b935ff) Importer(815301076,1909f56bfc062723c751e8b465ee728b)
Start importing Assets/Scripts/Pipeline.cs using Guid(66a4d7df887f0cc4785ae7dcb7b935ff) Importer(815301076,1909f56bfc062723c751e8b465ee728b)  -> (artifact id: '637b5470c129506b8baed065cb2f1fb6') in 0.004537 seconds
  Import took 0.006478 seconds .

========================================================================
Received Import Request.
  Time since last request: 1.533410 seconds.
  path: Assets/Scripts/Pipeline.cs
  artifactKey: Guid(66a4d7df887f0cc4785ae7dcb7b935ff) Importer(815301076,1909f56bfc062723c751e8b465ee728b)
Start importing Assets/Scripts/Pipeline.cs using Guid(66a4d7df887f0cc4785ae7dcb7b935ff) Importer(815301076,1909f56bfc062723c751e8b465ee728b)  -> (artifact id: '637b5470c129506b8baed065cb2f1fb6') in 0.002482 seconds
  Import took 0.004256 seconds .

========================================================================
Received Prepare
Registering precompiled user dll's ...
Registered in 0.000831 seconds.
Begin MonoManager ReloadAssembly
Native extension for LinuxStandalone target not found
Native extension for WindowsStandalone target not found
Refreshing native plugins compatible for Editor in 0.20 ms, found 0 plugins.
Preloading 0 native plugins for Editor in 0.00 ms.
Mono: successfully reloaded assembly
- Completed reload, in  0.770 seconds
Platform modules already initialized, skipping
Refreshing native plugins compatible for Editor in 0.20 ms, found 0 plugins.
Preloading 0 native plugins for Editor in 0.00 ms.
Unloading 1113 Unused Serialized files (Serialized files now loaded: 0)
System memory in use before: 57.3 MB.
System memory in use after: 57.4 MB.

Unloading 5 unused Assets to reduce memory usage. Loaded Objects now: 1581.
Total: 1.994900 ms (FindLiveObjects: 0.187400 ms CreateObjectMapping: 0.044400 ms MarkObjects: 1.704600 ms  DeleteObjects: 0.057500 ms)

========================================================================
Received Prepare
Registering precompiled user dll's ...
Registered in 0.001123 seconds.
Begin MonoManager ReloadAssembly
Native extension for LinuxStandalone target not found
Native extension for WindowsStandalone target not found
Refreshing native plugins compatible for Editor in 0.25 ms, found 0 plugins.
Preloading 0 native plugins for Editor in 0.00 ms.
Mono: successfully reloaded assembly
- Completed reload, in  0.791 seconds
Platform modules already initialized, skipping
Refreshing native plugins compatible for Editor in 0.19 ms, found 0 plugins.
Preloading 0 native plugins for Editor in 0.00 ms.
Unloading 1113 Unused Serialized files (Serialized files now loaded: 0)
System memory in use before: 57.3 MB.
System memory in use after: 57.4 MB.

Unloading 5 unused Assets to reduce memory usage. Loaded Objects now: 1584.
Total: 1.860800 ms (FindLiveObjects: 0.205600 ms CreateObjectMapping: 0.030500 ms MarkObjects: 1.567100 ms  DeleteObjects: 0.056500 ms)

========================================================================
Received Import Request.
  Time since last request: 51.840986 seconds.
  path: Assets/Scripts/Pipeline.cs
  artifactKey: Guid(66a4d7df887f0cc4785ae7dcb7b935ff) Importer(815301076,1909f56bfc062723c751e8b465ee728b)
Start importing Assets/Scripts/Pipeline.cs using Guid(66a4d7df887f0cc4785ae7dcb7b935ff) Importer(815301076,1909f56bfc062723c751e8b465ee728b)  -> (artifact id: 'b38a80fd9d0177751fc2080e7aa5a5dd') in 0.004451 seconds
  Import took 0.006299 seconds .

========================================================================
Received Prepare
Registering precompiled user dll's ...
Registered in 0.000968 seconds.
Begin MonoManager ReloadAssembly
Native extension for LinuxStandalone target not found
Native extension for WindowsStandalone target not found
Refreshing native plugins compatible for Editor in 0.19 ms, found 0 plugins.
Preloading 0 native plugins for Editor in 0.00 ms.
Mono: successfully reloaded assembly
- Completed reload, in  0.800 seconds
Platform modules already initialized, skipping
Refreshing native plugins compatible for Editor in 0.21 ms, found 0 plugins.
Preloading 0 native plugins for Editor in 0.00 ms.
Unloading 1113 Unused Serialized files (Serialized files now loaded: 0)
System memory in use before: 57.3 MB.
System memory in use after: 57.4 MB.

Unloading 5 unused Assets to reduce memory usage. Loaded Objects now: 1587.
Total: 1.741700 ms (FindLiveObjects: 0.173000 ms CreateObjectMapping: 0.029400 ms MarkObjects: 1.483000 ms  DeleteObjects: 0.055300 ms)

========================================================================
Received Import Request.
  Time since last request: 67.748979 seconds.
  path: Assets/Scripts/Pipeline.cs
  artifactKey: Guid(66a4d7df887f0cc4785ae7dcb7b935ff) Importer(815301076,1909f56bfc062723c751e8b465ee728b)
Start importing Assets/Scripts/Pipeline.cs using Guid(66a4d7df887f0cc4785ae7dcb7b935ff) Importer(815301076,1909f56bfc062723c751e8b465ee728b)  -> (artifact id: '9efb6754fa8f54119b97c2cbca3a45bb') in 0.004548 seconds
  Import took 0.006383 seconds .

========================================================================
Received Prepare
Registering precompiled user dll's ...
Registered in 0.000813 seconds.
Begin MonoManager ReloadAssembly
Native extension for LinuxStandalone target not found
Native extension for WindowsStandalone target not found
Refreshing native plugins compatible for Editor in 0.19 ms, found 0 plugins.
Preloading 0 native plugins for Editor in 0.00 ms.
Mono: successfully reloaded assembly
- Completed reload, in  0.763 seconds
Platform modules already initialized, skipping
Refreshing native plugins compatible for Editor in 0.20 ms, found 0 plugins.
Preloading 0 native plugins for Editor in 0.00 ms.
Unloading 1113 Unused Serialized files (Serialized files now loaded: 0)
System memory in use before: 57.3 MB.
System memory in use after: 57.4 MB.

Unloading 5 unused Assets to reduce memory usage. Loaded Objects now: 1590.
Total: 2.008300 ms (FindLiveObjects: 0.215000 ms CreateObjectMapping: 0.045800 ms MarkObjects: 1.687500 ms  DeleteObjects: 0.058900 ms)

========================================================================
Received Import Request.
  Time since last request: 85.907959 seconds.
  path: Assets/Scripts/Pipeline.cs
  artifactKey: Guid(66a4d7df887f0cc4785ae7dcb7b935ff) Importer(815301076,1909f56bfc062723c751e8b465ee728b)
Start importing Assets/Scripts/Pipeline.cs using Guid(66a4d7df887f0cc4785ae7dcb7b935ff) Importer(815301076,1909f56bfc062723c751e8b465ee728b)  -> (artifact id: '3cc978c5c36aa2be7a4a669d5db4e21e') in 0.004410 seconds
  Import took 0.006218 seconds .

========================================================================
Received Import Request.
  Time since last request: 1.658893 seconds.
  path: Assets/Scripts/Pipeline.cs
  artifactKey: Guid(66a4d7df887f0cc4785ae7dcb7b935ff) Importer(815301076,1909f56bfc062723c751e8b465ee728b)
Start importing Assets/Scripts/Pipeline.cs using Guid(66a4d7df887f0cc4785ae7dcb7b935ff) Importer(815301076,1909f56bfc062723c751e8b465ee728b)  -> (artifact id: '3cc978c5c36aa2be7a4a669d5db4e21e') in 0.002390 seconds
  Import took 0.004258 seconds .

========================================================================
Received Prepare
Registering precompiled user dll's ...
Registered in 0.001015 seconds.
Begin MonoManager ReloadAssembly
Native extension for LinuxStandalone target not found
Native extension for WindowsStandalone target not found
Refreshing native plugins compatible for Editor in 0.20 ms, found 0 plugins.
Preloading 0 native plugins for Editor in 0.00 ms.
Mono: successfully reloaded assembly
- Completed reload, in  0.765 seconds
Platform modules already initialized, skipping
Refreshing native plugins compatible for Editor in 0.30 ms, found 0 plugins.
Preloading 0 native plugins for Editor in 0.00 ms.
Unloading 1113 Unused Serialized files (Serialized files now loaded: 0)
System memory in use before: 57.3 MB.
System memory in use after: 57.4 MB.

Unloading 5 unused Assets to reduce memory usage. Loaded Objects now: 1593.
Total: 1.791900 ms (FindLiveObjects: 0.173500 ms CreateObjectMapping: 0.028900 ms MarkObjects: 1.529400 ms  DeleteObjects: 0.059100 ms)

========================================================================
Received Import Request.
  Time since last request: 112.490680 seconds.
  path: Assets/Scripts/Pipeline.cs
  artifactKey: Guid(66a4d7df887f0cc4785ae7dcb7b935ff) Importer(815301076,1909f56bfc062723c751e8b465ee728b)
Start importing Assets/Scripts/Pipeline.cs using Guid(66a4d7df887f0cc4785ae7dcb7b935ff) Importer(815301076,1909f56bfc062723c751e8b465ee728b)  -> (artifact id: 'd43951a99510fdc2f79581aa0ea0d94f') in 0.007414 seconds
  Import took 0.009220 seconds .

========================================================================
Received Prepare
Registering precompiled user dll's ...
Registered in 0.000999 seconds.
Begin MonoManager ReloadAssembly
Native extension for LinuxStandalone target not found
Native extension for WindowsStandalone target not found
Refreshing native plugins compatible for Editor in 0.20 ms, found 0 plugins.
Preloading 0 native plugins for Editor in 0.00 ms.
Mono: successfully reloaded assembly
- Completed reload, in  0.786 seconds
Platform modules already initialized, skipping
Refreshing native plugins compatible for Editor in 0.22 ms, found 0 plugins.
Preloading 0 native plugins for Editor in 0.00 ms.
Unloading 1113 Unused Serialized files (Serialized files now loaded: 0)
System memory in use before: 57.3 MB.
System memory in use after: 57.4 MB.

Unloading 5 unused Assets to reduce memory usage. Loaded Objects now: 1596.
Total: 2.048200 ms (FindLiveObjects: 0.246300 ms CreateObjectMapping: 0.039100 ms MarkObjects: 1.699300 ms  DeleteObjects: 0.062100 ms)

========================================================================
Received Import Request.
  Time since last request: 219.468296 seconds.
  path: Assets/Scripts/Pipeline.cs
  artifactKey: Guid(66a4d7df887f0cc4785ae7dcb7b935ff) Importer(815301076,1909f56bfc062723c751e8b465ee728b)
Start importing Assets/Scripts/Pipeline.cs using Guid(66a4d7df887f0cc4785ae7dcb7b935ff) Importer(815301076,1909f56bfc062723c751e8b465ee728b)  -> (artifact id: '1b34141eeefe831306dbbc998f63c42c') in 0.004516 seconds
  Import took 0.006368 seconds .

========================================================================
Received Import Request.
  Time since last request: 1.614005 seconds.
  path: Assets/Scripts/Pipeline.cs
  artifactKey: Guid(66a4d7df887f0cc4785ae7dcb7b935ff) Importer(815301076,1909f56bfc062723c751e8b465ee728b)
Start importing Assets/Scripts/Pipeline.cs using Guid(66a4d7df887f0cc4785ae7dcb7b935ff) Importer(815301076,1909f56bfc062723c751e8b465ee728b)  -> (artifact id: '1b34141eeefe831306dbbc998f63c42c') in 0.002380 seconds
  Import took 0.004155 seconds .

========================================================================
Received Prepare
Registering precompiled user dll's ...
Registered in 0.001252 seconds.
Begin MonoManager ReloadAssembly
Native extension for LinuxStandalone target not found
Native extension for WindowsStandalone target not found
Refreshing native plugins compatible for Editor in 0.19 ms, found 0 plugins.
Preloading 0 native plugins for Editor in 0.00 ms.
Mono: successfully reloaded assembly
- Completed reload, in  0.766 seconds
Platform modules already initialized, skipping
Refreshing native plugins compatible for Editor in 0.22 ms, found 0 plugins.
Preloading 0 native plugins for Editor in 0.00 ms.
Unloading 1113 Unused Serialized files (Serialized files now loaded: 0)
System memory in use before: 57.3 MB.
System memory in use after: 57.4 MB.

Unloading 5 unused Assets to reduce memory usage. Loaded Objects now: 1599.
Total: 2.552100 ms (FindLiveObjects: 0.305700 ms CreateObjectMapping: 0.055100 ms MarkObjects: 2.118800 ms  DeleteObjects: 0.070700 ms)

========================================================================
Received Import Request.
  Time since last request: 254.626486 seconds.
  path: Assets/Scripts/Pipeline.cs
  artifactKey: Guid(66a4d7df887f0cc4785ae7dcb7b935ff) Importer(815301076,1909f56bfc062723c751e8b465ee728b)
Start importing Assets/Scripts/Pipeline.cs using Guid(66a4d7df887f0cc4785ae7dcb7b935ff) Importer(815301076,1909f56bfc062723c751e8b465ee728b)  -> (artifact id: '25dea51f8a0e447b25fa5d92f62eb15b') in 0.005050 seconds
  Import took 0.009652 seconds .

========================================================================
Received Import Request.
  Time since last request: 1.561752 seconds.
  path: Assets/Scripts/Pipeline.cs
  artifactKey: Guid(66a4d7df887f0cc4785ae7dcb7b935ff) Importer(815301076,1909f56bfc062723c751e8b465ee728b)
Start importing Assets/Scripts/Pipeline.cs using Guid(66a4d7df887f0cc4785ae7dcb7b935ff) Importer(815301076,1909f56bfc062723c751e8b465ee728b)  -> (artifact id: '25dea51f8a0e447b25fa5d92f62eb15b') in 0.002390 seconds
  Import took 0.004685 seconds .

========================================================================
Received Prepare
Registering precompiled user dll's ...
Registered in 0.000865 seconds.
Begin MonoManager ReloadAssembly
Native extension for LinuxStandalone target not found
Native extension for WindowsStandalone target not found
Refreshing native plugins compatible for Editor in 0.21 ms, found 0 plugins.
Preloading 0 native plugins for Editor in 0.00 ms.
Mono: successfully reloaded assembly
- Completed reload, in  0.777 seconds
Platform modules already initialized, skipping
Refreshing native plugins compatible for Editor in 0.22 ms, found 0 plugins.
Preloading 0 native plugins for Editor in 0.00 ms.
Unloading 1113 Unused Serialized files (Serialized files now loaded: 0)
System memory in use before: 57.3 MB.
System memory in use after: 57.4 MB.

Unloading 5 unused Assets to reduce memory usage. Loaded Objects now: 1602.
Total: 1.857700 ms (FindLiveObjects: 0.196600 ms CreateObjectMapping: 0.030800 ms MarkObjects: 1.564100 ms  DeleteObjects: 0.065000 ms)

========================================================================
Received Import Request.
  Time since last request: 102.211045 seconds.
  path: Assets/Scripts/Pipeline.cs
  artifactKey: Guid(66a4d7df887f0cc4785ae7dcb7b935ff) Importer(815301076,1909f56bfc062723c751e8b465ee728b)
Start importing Assets/Scripts/Pipeline.cs using Guid(66a4d7df887f0cc4785ae7dcb7b935ff) Importer(815301076,1909f56bfc062723c751e8b465ee728b)  -> (artifact id: '34624619f9d48e7d6a81e0e3ec318429') in 0.004474 seconds
  Import took 0.006391 seconds .

========================================================================
Received Import Request.
  Time since last request: 1.525918 seconds.
  path: Assets/Scripts/Pipeline.cs
  artifactKey: Guid(66a4d7df887f0cc4785ae7dcb7b935ff) Importer(815301076,1909f56bfc062723c751e8b465ee728b)
Start importing Assets/Scripts/Pipeline.cs using Guid(66a4d7df887f0cc4785ae7dcb7b935ff) Importer(815301076,1909f56bfc062723c751e8b465ee728b)  -> (artifact id: '34624619f9d48e7d6a81e0e3ec318429') in 0.002321 seconds
  Import took 0.004076 seconds .

========================================================================
Received Prepare
Registering precompiled user dll's ...
Registered in 0.001374 seconds.
Begin MonoManager ReloadAssembly
Native extension for LinuxStandalone target not found
Native extension for WindowsStandalone target not found
Refreshing native plugins compatible for Editor in 0.24 ms, found 0 plugins.
Preloading 0 native plugins for Editor in 0.00 ms.
Mono: successfully reloaded assembly
- Completed reload, in  0.803 seconds
Platform modules already initialized, skipping
Refreshing native plugins compatible for Editor in 0.22 ms, found 0 plugins.
Preloading 0 native plugins for Editor in 0.00 ms.
Unloading 1113 Unused Serialized files (Serialized files now loaded: 0)
System memory in use before: 57.4 MB.
System memory in use after: 57.4 MB.

Unloading 5 unused Assets to reduce memory usage. Loaded Objects now: 1605.
Total: 2.019300 ms (FindLiveObjects: 0.201100 ms CreateObjectMapping: 0.175700 ms MarkObjects: 1.584900 ms  DeleteObjects: 0.056300 ms)

========================================================================
Received Prepare
Registering precompiled user dll's ...
Registered in 0.000927 seconds.
Begin MonoManager ReloadAssembly
Native extension for LinuxStandalone target not found
Native extension for WindowsStandalone target not found
Refreshing native plugins compatible for Editor in 0.20 ms, found 0 plugins.
Preloading 0 native plugins for Editor in 0.00 ms.
Mono: successfully reloaded assembly
- Completed reload, in  0.788 seconds
Platform modules already initialized, skipping
Refreshing native plugins compatible for Editor in 0.19 ms, found 0 plugins.
Preloading 0 native plugins for Editor in 0.00 ms.
Unloading 1113 Unused Serialized files (Serialized files now loaded: 0)
System memory in use before: 57.4 MB.
System memory in use after: 57.4 MB.

Unloading 5 unused Assets to reduce memory usage. Loaded Objects now: 1608.
Total: 2.046800 ms (FindLiveObjects: 0.304400 ms CreateObjectMapping: 0.077800 ms MarkObjects: 1.596200 ms  DeleteObjects: 0.066300 ms)

========================================================================
Received Import Request.
  Time since last request: 234.073563 seconds.
  path: Assets/Scripts/Pipeline.cs
  artifactKey: Guid(66a4d7df887f0cc4785ae7dcb7b935ff) Importer(815301076,1909f56bfc062723c751e8b465ee728b)
Start importing Assets/Scripts/Pipeline.cs using Guid(66a4d7df887f0cc4785ae7dcb7b935ff) Importer(815301076,1909f56bfc062723c751e8b465ee728b)  -> (artifact id: 'c9ce3d51cb653c28e2fe89c6dd2e5b95') in 0.004467 seconds
  Import took 0.006320 seconds .

========================================================================
Received Prepare
Registering precompiled user dll's ...
Registered in 0.000936 seconds.
Begin MonoManager ReloadAssembly
Native extension for LinuxStandalone target not found
Native extension for WindowsStandalone target not found
Refreshing native plugins compatible for Editor in 0.19 ms, found 0 plugins.
Preloading 0 native plugins for Editor in 0.00 ms.
Mono: successfully reloaded assembly
- Completed reload, in  0.778 seconds
Platform modules already initialized, skipping
Refreshing native plugins compatible for Editor in 0.19 ms, found 0 plugins.
Preloading 0 native plugins for Editor in 0.00 ms.
Unloading 1113 Unused Serialized files (Serialized files now loaded: 0)
System memory in use before: 57.4 MB.
System memory in use after: 57.4 MB.

Unloading 5 unused Assets to reduce memory usage. Loaded Objects now: 1611.
Total: 2.072600 ms (FindLiveObjects: 0.327000 ms CreateObjectMapping: 0.061000 ms MarkObjects: 1.625800 ms  DeleteObjects: 0.057500 ms)

========================================================================
Received Import Request.
  Time since last request: 124.690100 seconds.
  path: Assets/Scripts/Pipeline.cs
  artifactKey: Guid(66a4d7df887f0cc4785ae7dcb7b935ff) Importer(815301076,1909f56bfc062723c751e8b465ee728b)
Start importing Assets/Scripts/Pipeline.cs using Guid(66a4d7df887f0cc4785ae7dcb7b935ff) Importer(815301076,1909f56bfc062723c751e8b465ee728b)  -> (artifact id: '6c0db2e651988785f0971a4a27c807be') in 0.004518 seconds
  Import took 0.006530 seconds .

========================================================================
Received Import Request.
  Time since last request: 1.584450 seconds.
  path: Assets/Scripts/Pipeline.cs
  artifactKey: Guid(66a4d7df887f0cc4785ae7dcb7b935ff) Importer(815301076,1909f56bfc062723c751e8b465ee728b)
Start importing Assets/Scripts/Pipeline.cs using Guid(66a4d7df887f0cc4785ae7dcb7b935ff) Importer(815301076,1909f56bfc062723c751e8b465ee728b)  -> (artifact id: '6c0db2e651988785f0971a4a27c807be') in 0.002443 seconds
  Import took 0.004215 seconds .

========================================================================
Received Prepare
Registering precompiled user dll's ...
Registered in 0.000872 seconds.
Begin MonoManager ReloadAssembly
Native extension for LinuxStandalone target not found
Native extension for WindowsStandalone target not found
Refreshing native plugins compatible for Editor in 0.21 ms, found 0 plugins.
Preloading 0 native plugins for Editor in 0.00 ms.
Mono: successfully reloaded assembly
- Completed reload, in  0.776 seconds
Platform modules already initialized, skipping
Refreshing native plugins compatible for Editor in 0.21 ms, found 0 plugins.
Preloading 0 native plugins for Editor in 0.00 ms.
Unloading 1113 Unused Serialized files (Serialized files now loaded: 0)
System memory in use before: 57.4 MB.
System memory in use after: 57.4 MB.

Unloading 5 unused Assets to reduce memory usage. Loaded Objects now: 1614.
Total: 1.919300 ms (FindLiveObjects: 0.277400 ms CreateObjectMapping: 0.034200 ms MarkObjects: 1.551100 ms  DeleteObjects: 0.055200 ms)

========================================================================
Received Import Request.
  Time since last request: 15.323269 seconds.
  path: Assets/Scripts/Pipeline.cs
  artifactKey: Guid(66a4d7df887f0cc4785ae7dcb7b935ff) Importer(815301076,1909f56bfc062723c751e8b465ee728b)
Start importing Assets/Scripts/Pipeline.cs using Guid(66a4d7df887f0cc4785ae7dcb7b935ff) Importer(815301076,1909f56bfc062723c751e8b465ee728b)  -> (artifact id: '3861626e2856c583eab3f8fd1e73d5cd') in 0.004644 seconds
  Import took 0.006564 seconds .

========================================================================
Received Import Request.
  Time since last request: 1.258091 seconds.
  path: Assets/Scripts/Pipeline.cs
  artifactKey: Guid(66a4d7df887f0cc4785ae7dcb7b935ff) Importer(815301076,1909f56bfc062723c751e8b465ee728b)
Start importing Assets/Scripts/Pipeline.cs using Guid(66a4d7df887f0cc4785ae7dcb7b935ff) Importer(815301076,1909f56bfc062723c751e8b465ee728b)  -> (artifact id: '3861626e2856c583eab3f8fd1e73d5cd') in 0.002605 seconds
  Import took 0.004410 seconds .

========================================================================
Received Prepare
Registering precompiled user dll's ...
Registered in 0.001338 seconds.
Begin MonoManager ReloadAssembly
Native extension for LinuxStandalone target not found
Native extension for WindowsStandalone target not found
Refreshing native plugins compatible for Editor in 0.20 ms, found 0 plugins.
Preloading 0 native plugins for Editor in 0.00 ms.
Mono: successfully reloaded assembly
- Completed reload, in  0.788 seconds
Platform modules already initialized, skipping
Refreshing native plugins compatible for Editor in 0.19 ms, found 0 plugins.
Preloading 0 native plugins for Editor in 0.00 ms.
Unloading 1113 Unused Serialized files (Serialized files now loaded: 0)
System memory in use before: 57.4 MB.
System memory in use after: 57.4 MB.

Unloading 5 unused Assets to reduce memory usage. Loaded Objects now: 1617.
Total: 1.717900 ms (FindLiveObjects: 0.176600 ms CreateObjectMapping: 0.028200 ms MarkObjects: 1.457500 ms  DeleteObjects: 0.054600 ms)

========================================================================
Received Prepare
Registering precompiled user dll's ...
Registered in 0.000930 seconds.
Begin MonoManager ReloadAssembly
Native extension for LinuxStandalone target not found
Native extension for WindowsStandalone target not found
Refreshing native plugins compatible for Editor in 0.20 ms, found 0 plugins.
Preloading 0 native plugins for Editor in 0.00 ms.
Mono: successfully reloaded assembly
- Completed reload, in  0.780 seconds
Platform modules already initialized, skipping
Refreshing native plugins compatible for Editor in 0.20 ms, found 0 plugins.
Preloading 0 native plugins for Editor in 0.00 ms.
Unloading 1113 Unused Serialized files (Serialized files now loaded: 0)
System memory in use before: 57.4 MB.
System memory in use after: 57.5 MB.

Unloading 5 unused Assets to reduce memory usage. Loaded Objects now: 1620.
Total: 1.985500 ms (FindLiveObjects: 0.176000 ms CreateObjectMapping: 0.039300 ms MarkObjects: 1.710800 ms  DeleteObjects: 0.058300 ms)

========================================================================
Received Import Request.
  Time since last request: 35.494280 seconds.
  path: Assets/Scripts/Pipeline.cs
  artifactKey: Guid(66a4d7df887f0cc4785ae7dcb7b935ff) Importer(815301076,1909f56bfc062723c751e8b465ee728b)
Start importing Assets/Scripts/Pipeline.cs using Guid(66a4d7df887f0cc4785ae7dcb7b935ff) Importer(815301076,1909f56bfc062723c751e8b465ee728b)  -> (artifact id: '178ec8e136c1b11780a811f5a521c1ff') in 0.007834 seconds
  Import took 0.009822 seconds .

========================================================================
Received Prepare
Registering precompiled user dll's ...
Registered in 0.000940 seconds.
Begin MonoManager ReloadAssembly
Native extension for LinuxStandalone target not found
Native extension for WindowsStandalone target not found
Refreshing native plugins compatible for Editor in 0.20 ms, found 0 plugins.
Preloading 0 native plugins for Editor in 0.00 ms.
Mono: successfully reloaded assembly
- Completed reload, in  0.785 seconds
Platform modules already initialized, skipping
Refreshing native plugins compatible for Editor in 0.21 ms, found 0 plugins.
Preloading 0 native plugins for Editor in 0.00 ms.
Unloading 1113 Unused Serialized files (Serialized files now loaded: 0)
System memory in use before: 57.4 MB.
System memory in use after: 57.5 MB.

Unloading 5 unused Assets to reduce memory usage. Loaded Objects now: 1623.
Total: 2.381800 ms (FindLiveObjects: 0.257400 ms CreateObjectMapping: 0.045400 ms MarkObjects: 2.011100 ms  DeleteObjects: 0.065700 ms)

========================================================================
Received Import Request.
  Time since last request: 65.648054 seconds.
  path: Assets/Scripts/Pipeline.cs
  artifactKey: Guid(66a4d7df887f0cc4785ae7dcb7b935ff) Importer(815301076,1909f56bfc062723c751e8b465ee728b)
Start importing Assets/Scripts/Pipeline.cs using Guid(66a4d7df887f0cc4785ae7dcb7b935ff) Importer(815301076,1909f56bfc062723c751e8b465ee728b)  -> (artifact id: 'ee72c3036e16184e1aebaa9993990e96') in 0.004811 seconds
  Import took 0.006783 seconds .

========================================================================
Received Prepare
Registering precompiled user dll's ...
Registered in 0.000832 seconds.
Begin MonoManager ReloadAssembly
Native extension for LinuxStandalone target not found
Native extension for WindowsStandalone target not found
Refreshing native plugins compatible for Editor in 0.20 ms, found 0 plugins.
Preloading 0 native plugins for Editor in 0.00 ms.
Mono: successfully reloaded assembly
- Completed reload, in  0.763 seconds
Platform modules already initialized, skipping
Refreshing native plugins compatible for Editor in 0.26 ms, found 0 plugins.
Preloading 0 native plugins for Editor in 0.00 ms.
Unloading 1113 Unused Serialized files (Serialized files now loaded: 0)
System memory in use before: 57.4 MB.
System memory in use after: 57.5 MB.

Unloading 5 unused Assets to reduce memory usage. Loaded Objects now: 1626.
Total: 2.040200 ms (FindLiveObjects: 0.197300 ms CreateObjectMapping: 0.037200 ms MarkObjects: 1.745500 ms  DeleteObjects: 0.057400 ms)

========================================================================
Received Prepare
Registering precompiled user dll's ...
Registered in 0.000919 seconds.
Begin MonoManager ReloadAssembly
Native extension for LinuxStandalone target not found
Native extension for WindowsStandalone target not found
Refreshing native plugins compatible for Editor in 0.20 ms, found 0 plugins.
Preloading 0 native plugins for Editor in 0.00 ms.
Mono: successfully reloaded assembly
- Completed reload, in  0.769 seconds
Platform modules already initialized, skipping
Refreshing native plugins compatible for Editor in 0.26 ms, found 0 plugins.
Preloading 0 native plugins for Editor in 0.00 ms.
Unloading 1113 Unused Serialized files (Serialized files now loaded: 0)
System memory in use before: 57.4 MB.
System memory in use after: 57.5 MB.

Unloading 5 unused Assets to reduce memory usage. Loaded Objects now: 1629.
Total: 2.239700 ms (FindLiveObjects: 0.311800 ms CreateObjectMapping: 0.069800 ms MarkObjects: 1.802700 ms  DeleteObjects: 0.053700 ms)

========================================================================
Received Import Request.
  Time since last request: 85.589290 seconds.
  path: Assets/Scripts/Pipeline.cs
  artifactKey: Guid(66a4d7df887f0cc4785ae7dcb7b935ff) Importer(815301076,1909f56bfc062723c751e8b465ee728b)
Start importing Assets/Scripts/Pipeline.cs using Guid(66a4d7df887f0cc4785ae7dcb7b935ff) Importer(815301076,1909f56bfc062723c751e8b465ee728b)  -> (artifact id: '13c32e0afdcd77bbef31472b6169ded6') in 0.004628 seconds
  Import took 0.006434 seconds .

========================================================================
Received Prepare
Registering precompiled user dll's ...
Registered in 0.000839 seconds.
Begin MonoManager ReloadAssembly
Native extension for LinuxStandalone target not found
Native extension for WindowsStandalone target not found
Refreshing native plugins compatible for Editor in 0.19 ms, found 0 plugins.
Preloading 0 native plugins for Editor in 0.00 ms.
Mono: successfully reloaded assembly
- Completed reload, in  0.784 seconds
Platform modules already initialized, skipping
Refreshing native plugins compatible for Editor in 0.22 ms, found 0 plugins.
Preloading 0 native plugins for Editor in 0.00 ms.
Unloading 1113 Unused Serialized files (Serialized files now loaded: 0)
System memory in use before: 57.4 MB.
System memory in use after: 57.5 MB.

Unloading 5 unused Assets to reduce memory usage. Loaded Objects now: 1632.
Total: 1.897200 ms (FindLiveObjects: 0.218000 ms CreateObjectMapping: 0.031200 ms MarkObjects: 1.590600 ms  DeleteObjects: 0.055900 ms)

========================================================================
Received Prepare
Registering precompiled user dll's ...
Registered in 0.000880 seconds.
Begin MonoManager ReloadAssembly
Native extension for LinuxStandalone target not found
Native extension for WindowsStandalone target not found
Refreshing native plugins compatible for Editor in 0.21 ms, found 0 plugins.
Preloading 0 native plugins for Editor in 0.00 ms.
Mono: successfully reloaded assembly
- Completed reload, in  0.806 seconds
Platform modules already initialized, skipping
Refreshing native plugins compatible for Editor in 0.22 ms, found 0 plugins.
Preloading 0 native plugins for Editor in 0.00 ms.
Unloading 1113 Unused Serialized files (Serialized files now loaded: 0)
System memory in use before: 57.4 MB.
System memory in use after: 57.5 MB.

Unloading 5 unused Assets to reduce memory usage. Loaded Objects now: 1635.
Total: 1.936700 ms (FindLiveObjects: 0.247200 ms CreateObjectMapping: 0.053600 ms MarkObjects: 1.581200 ms  DeleteObjects: 0.053900 ms)

========================================================================
Received Prepare
Registering precompiled user dll's ...
Registered in 0.000866 seconds.
Begin MonoManager ReloadAssembly
Native extension for LinuxStandalone target not found
Native extension for WindowsStandalone target not found
Refreshing native plugins compatible for Editor in 0.28 ms, found 0 plugins.
Preloading 0 native plugins for Editor in 0.00 ms.
Mono: successfully reloaded assembly
- Completed reload, in  0.783 seconds
Platform modules already initialized, skipping
Refreshing native plugins compatible for Editor in 0.22 ms, found 0 plugins.
Preloading 0 native plugins for Editor in 0.00 ms.
Unloading 1113 Unused Serialized files (Serialized files now loaded: 0)
System memory in use before: 57.4 MB.
System memory in use after: 57.5 MB.

Unloading 5 unused Assets to reduce memory usage. Loaded Objects now: 1638.
Total: 2.273200 ms (FindLiveObjects: 0.219500 ms CreateObjectMapping: 0.037500 ms MarkObjects: 1.955000 ms  DeleteObjects: 0.059900 ms)

========================================================================
Received Import Request.
  Time since last request: 86.249147 seconds.
  path: Assets/Scripts/Pipeline.cs
  artifactKey: Guid(66a4d7df887f0cc4785ae7dcb7b935ff) Importer(815301076,1909f56bfc062723c751e8b465ee728b)
Start importing Assets/Scripts/Pipeline.cs using Guid(66a4d7df887f0cc4785ae7dcb7b935ff) Importer(815301076,1909f56bfc062723c751e8b465ee728b)  -> (artifact id: '510e1a329d4490d1e3edbf7cd3bdd927') in 0.004916 seconds
  Import took 0.007255 seconds .

========================================================================
Received Import Request.
  Time since last request: 1.644299 seconds.
  path: Assets/Scripts/Pipeline.cs
  artifactKey: Guid(66a4d7df887f0cc4785ae7dcb7b935ff) Importer(815301076,1909f56bfc062723c751e8b465ee728b)
Start importing Assets/Scripts/Pipeline.cs using Guid(66a4d7df887f0cc4785ae7dcb7b935ff) Importer(815301076,1909f56bfc062723c751e8b465ee728b)  -> (artifact id: '510e1a329d4490d1e3edbf7cd3bdd927') in 0.002438 seconds
  Import took 0.004496 seconds .

========================================================================
Received Prepare
Registering precompiled user dll's ...
Registered in 0.000903 seconds.
Begin MonoManager ReloadAssembly
Native extension for LinuxStandalone target not found
Native extension for WindowsStandalone target not found
Refreshing native plugins compatible for Editor in 0.20 ms, found 0 plugins.
Preloading 0 native plugins for Editor in 0.00 ms.
Mono: successfully reloaded assembly
- Completed reload, in  0.793 seconds
Platform modules already initialized, skipping
Refreshing native plugins compatible for Editor in 0.20 ms, found 0 plugins.
Preloading 0 native plugins for Editor in 0.00 ms.
Unloading 1113 Unused Serialized files (Serialized files now loaded: 0)
System memory in use before: 57.4 MB.
System memory in use after: 57.5 MB.

Unloading 5 unused Assets to reduce memory usage. Loaded Objects now: 1641.
Total: 1.872200 ms (FindLiveObjects: 0.222000 ms CreateObjectMapping: 0.030600 ms MarkObjects: 1.558700 ms  DeleteObjects: 0.059500 ms)

========================================================================
Received Prepare
Registering precompiled user dll's ...
Registered in 0.001030 seconds.
Begin MonoManager ReloadAssembly
Native extension for LinuxStandalone target not found
Native extension for WindowsStandalone target not found
Refreshing native plugins compatible for Editor in 0.25 ms, found 0 plugins.
Preloading 0 native plugins for Editor in 0.00 ms.
Mono: successfully reloaded assembly
- Completed reload, in  0.802 seconds
Platform modules already initialized, skipping
Refreshing native plugins compatible for Editor in 0.19 ms, found 0 plugins.
Preloading 0 native plugins for Editor in 0.00 ms.
Unloading 1113 Unused Serialized files (Serialized files now loaded: 0)
System memory in use before: 57.4 MB.
System memory in use after: 57.5 MB.

Unloading 5 unused Assets to reduce memory usage. Loaded Objects now: 1644.
Total: 1.965000 ms (FindLiveObjects: 0.220900 ms CreateObjectMapping: 0.033600 ms MarkObjects: 1.645400 ms  DeleteObjects: 0.063100 ms)

========================================================================
Received Import Request.
  Time since last request: 523.093429 seconds.
  path: Assets/Scripts/Pipeline.cs
  artifactKey: Guid(66a4d7df887f0cc4785ae7dcb7b935ff) Importer(815301076,1909f56bfc062723c751e8b465ee728b)
Start importing Assets/Scripts/Pipeline.cs using Guid(66a4d7df887f0cc4785ae7dcb7b935ff) Importer(815301076,1909f56bfc062723c751e8b465ee728b)  -> (artifact id: '43a3bdf56ea88bae6aff6b1e1c010a81') in 0.004869 seconds
  Import took 0.030314 seconds .

========================================================================
Received Import Request.
  Time since last request: 1.354655 seconds.
  path: Assets/Scripts/Pipeline.cs
  artifactKey: Guid(66a4d7df887f0cc4785ae7dcb7b935ff) Importer(815301076,1909f56bfc062723c751e8b465ee728b)
Start importing Assets/Scripts/Pipeline.cs using Guid(66a4d7df887f0cc4785ae7dcb7b935ff) Importer(815301076,1909f56bfc062723c751e8b465ee728b)  -> (artifact id: '43a3bdf56ea88bae6aff6b1e1c010a81') in 0.002372 seconds
  Import took 0.004102 seconds .

========================================================================
Received Prepare
Registering precompiled user dll's ...
Registered in 0.000897 seconds.
Begin MonoManager ReloadAssembly
Native extension for LinuxStandalone target not found
Native extension for WindowsStandalone target not found
Refreshing native plugins compatible for Editor in 0.20 ms, found 0 plugins.
Preloading 0 native plugins for Editor in 0.00 ms.
Mono: successfully reloaded assembly
- Completed reload, in  0.786 seconds
Platform modules already initialized, skipping
Refreshing native plugins compatible for Editor in 0.20 ms, found 0 plugins.
Preloading 0 native plugins for Editor in 0.00 ms.
Unloading 1113 Unused Serialized files (Serialized files now loaded: 0)
System memory in use before: 57.4 MB.
System memory in use after: 57.5 MB.

Unloading 5 unused Assets to reduce memory usage. Loaded Objects now: 1647.
Total: 1.901000 ms (FindLiveObjects: 0.197100 ms CreateObjectMapping: 0.029700 ms MarkObjects: 1.605200 ms  DeleteObjects: 0.067400 ms)

========================================================================
Received Import Request.
  Time since last request: 32.557326 seconds.
  path: Assets/Scripts/Pipeline.cs
  artifactKey: Guid(66a4d7df887f0cc4785ae7dcb7b935ff) Importer(815301076,1909f56bfc062723c751e8b465ee728b)
Start importing Assets/Scripts/Pipeline.cs using Guid(66a4d7df887f0cc4785ae7dcb7b935ff) Importer(815301076,1909f56bfc062723c751e8b465ee728b)  -> (artifact id: 'dbbcaf4e89ac5dcae973882ec957dd9c') in 0.011219 seconds
  Import took 0.013076 seconds .

========================================================================
Received Prepare
Registering precompiled user dll's ...
Registered in 0.000951 seconds.
Begin MonoManager ReloadAssembly
Native extension for LinuxStandalone target not found
Native extension for WindowsStandalone target not found
Refreshing native plugins compatible for Editor in 0.19 ms, found 0 plugins.
Preloading 0 native plugins for Editor in 0.00 ms.
Mono: successfully reloaded assembly
- Completed reload, in  0.784 seconds
Platform modules already initialized, skipping
Refreshing native plugins compatible for Editor in 0.20 ms, found 0 plugins.
Preloading 0 native plugins for Editor in 0.00 ms.
Unloading 1113 Unused Serialized files (Serialized files now loaded: 0)
System memory in use before: 57.4 MB.
System memory in use after: 57.5 MB.

Unloading 5 unused Assets to reduce memory usage. Loaded Objects now: 1650.
Total: 2.003300 ms (FindLiveObjects: 0.213400 ms CreateObjectMapping: 0.030200 ms MarkObjects: 1.700100 ms  DeleteObjects: 0.058100 ms)

========================================================================
Received Import Request.
  Time since last request: 276.945420 seconds.
  path: Assets/Scripts/Pipeline.cs
  artifactKey: Guid(66a4d7df887f0cc4785ae7dcb7b935ff) Importer(815301076,1909f56bfc062723c751e8b465ee728b)
Start importing Assets/Scripts/Pipeline.cs using Guid(66a4d7df887f0cc4785ae7dcb7b935ff) Importer(815301076,1909f56bfc062723c751e8b465ee728b)  -> (artifact id: '1049ed9baf630773d8eda19b82cde1ea') in 0.004576 seconds
  Import took 0.006413 seconds .

========================================================================
Received Prepare
Registering precompiled user dll's ...
Registered in 0.000957 seconds.
Begin MonoManager ReloadAssembly
Native extension for LinuxStandalone target not found
Native extension for WindowsStandalone target not found
Refreshing native plugins compatible for Editor in 0.19 ms, found 0 plugins.
Preloading 0 native plugins for Editor in 0.00 ms.
Mono: successfully reloaded assembly
- Completed reload, in  0.772 seconds
Platform modules already initialized, skipping
Refreshing native plugins compatible for Editor in 0.20 ms, found 0 plugins.
Preloading 0 native plugins for Editor in 0.00 ms.
Unloading 1113 Unused Serialized files (Serialized files now loaded: 0)
System memory in use before: 57.4 MB.
System memory in use after: 57.5 MB.

Unloading 5 unused Assets to reduce memory usage. Loaded Objects now: 1653.
Total: 1.905200 ms (FindLiveObjects: 0.195300 ms CreateObjectMapping: 0.030800 ms MarkObjects: 1.621300 ms  DeleteObjects: 0.056200 ms)

========================================================================
Received Prepare
Registering precompiled user dll's ...
Registered in 0.000816 seconds.
Begin MonoManager ReloadAssembly
Native extension for LinuxStandalone target not found
Native extension for WindowsStandalone target not found
Refreshing native plugins compatible for Editor in 0.22 ms, found 0 plugins.
Preloading 0 native plugins for Editor in 0.00 ms.
Mono: successfully reloaded assembly
- Completed reload, in  0.776 seconds
Platform modules already initialized, skipping
Refreshing native plugins compatible for Editor in 0.31 ms, found 0 plugins.
Preloading 0 native plugins for Editor in 0.00 ms.
Unloading 1113 Unused Serialized files (Serialized files now loaded: 0)
System memory in use before: 57.4 MB.
System memory in use after: 57.5 MB.

Unloading 5 unused Assets to reduce memory usage. Loaded Objects now: 1656.
Total: 1.881900 ms (FindLiveObjects: 0.290400 ms CreateObjectMapping: 0.051700 ms MarkObjects: 1.484200 ms  DeleteObjects: 0.053800 ms)

========================================================================
Received Prepare
Registering precompiled user dll's ...
Registered in 0.000933 seconds.
Begin MonoManager ReloadAssembly
Native extension for LinuxStandalone target not found
Native extension for WindowsStandalone target not found
Refreshing native plugins compatible for Editor in 0.21 ms, found 0 plugins.
Preloading 0 native plugins for Editor in 0.00 ms.
Mono: successfully reloaded assembly
- Completed reload, in  0.767 seconds
Platform modules already initialized, skipping
Refreshing native plugins compatible for Editor in 0.20 ms, found 0 plugins.
Preloading 0 native plugins for Editor in 0.00 ms.
Unloading 1113 Unused Serialized files (Serialized files now loaded: 0)
System memory in use before: 57.4 MB.
System memory in use after: 57.5 MB.

Unloading 5 unused Assets to reduce memory usage. Loaded Objects now: 1659.
Total: 1.723900 ms (FindLiveObjects: 0.200600 ms CreateObjectMapping: 0.039700 ms MarkObjects: 1.430800 ms  DeleteObjects: 0.051900 ms)

========================================================================
Received Prepare
Registering precompiled user dll's ...
Registered in 0.000830 seconds.
Begin MonoManager ReloadAssembly
Native extension for LinuxStandalone target not found
Native extension for WindowsStandalone target not found
Refreshing native plugins compatible for Editor in 0.20 ms, found 0 plugins.
Preloading 0 native plugins for Editor in 0.00 ms.
Mono: successfully reloaded assembly
- Completed reload, in  0.777 seconds
Platform modules already initialized, skipping
Refreshing native plugins compatible for Editor in 0.27 ms, found 0 plugins.
Preloading 0 native plugins for Editor in 0.00 ms.
Unloading 1113 Unused Serialized files (Serialized files now loaded: 0)
System memory in use before: 57.4 MB.
System memory in use after: 57.5 MB.

Unloading 5 unused Assets to reduce memory usage. Loaded Objects now: 1662.
Total: 1.940500 ms (FindLiveObjects: 0.234700 ms CreateObjectMapping: 0.032600 ms MarkObjects: 1.614500 ms  DeleteObjects: 0.057400 ms)

========================================================================
Received Prepare
Registering precompiled user dll's ...
Registered in 0.000889 seconds.
Begin MonoManager ReloadAssembly
Native extension for LinuxStandalone target not found
Native extension for WindowsStandalone target not found
Refreshing native plugins compatible for Editor in 0.20 ms, found 0 plugins.
Preloading 0 native plugins for Editor in 0.00 ms.
Mono: successfully reloaded assembly
- Completed reload, in  0.760 seconds
Platform modules already initialized, skipping
Refreshing native plugins compatible for Editor in 0.24 ms, found 0 plugins.
Preloading 0 native plugins for Editor in 0.00 ms.
Unloading 1113 Unused Serialized files (Serialized files now loaded: 0)
System memory in use before: 57.4 MB.
System memory in use after: 57.5 MB.

Unloading 5 unused Assets to reduce memory usage. Loaded Objects now: 1665.
Total: 1.777100 ms (FindLiveObjects: 0.164300 ms CreateObjectMapping: 0.028700 ms MarkObjects: 1.525300 ms  DeleteObjects: 0.057900 ms)

========================================================================
Received Prepare
Registering precompiled user dll's ...
Registered in 0.000926 seconds.
Begin MonoManager ReloadAssembly
Native extension for LinuxStandalone target not found
Native extension for WindowsStandalone target not found
Refreshing native plugins compatible for Editor in 0.21 ms, found 0 plugins.
Preloading 0 native plugins for Editor in 0.00 ms.
Mono: successfully reloaded assembly
- Completed reload, in  0.782 seconds
Platform modules already initialized, skipping
Refreshing native plugins compatible for Editor in 0.20 ms, found 0 plugins.
Preloading 0 native plugins for Editor in 0.00 ms.
Unloading 1113 Unused Serialized files (Serialized files now loaded: 0)
System memory in use before: 57.4 MB.
System memory in use after: 57.5 MB.

Unloading 5 unused Assets to reduce memory usage. Loaded Objects now: 1668.
Total: 2.211800 ms (FindLiveObjects: 0.377200 ms CreateObjectMapping: 0.123500 ms MarkObjects: 1.658600 ms  DeleteObjects: 0.051200 ms)

========================================================================
Received Prepare
Registering precompiled user dll's ...
Registered in 0.000897 seconds.
Begin MonoManager ReloadAssembly
Native extension for LinuxStandalone target not found
Native extension for WindowsStandalone target not found
Refreshing native plugins compatible for Editor in 0.20 ms, found 0 plugins.
Preloading 0 native plugins for Editor in 0.00 ms.
Mono: successfully reloaded assembly
- Completed reload, in  0.785 seconds
Platform modules already initialized, skipping
Refreshing native plugins compatible for Editor in 0.25 ms, found 0 plugins.
Preloading 0 native plugins for Editor in 0.00 ms.
Unloading 1113 Unused Serialized files (Serialized files now loaded: 0)
System memory in use before: 57.4 MB.
System memory in use after: 57.5 MB.

Unloading 5 unused Assets to reduce memory usage. Loaded Objects now: 1671.
Total: 1.759800 ms (FindLiveObjects: 0.177400 ms CreateObjectMapping: 0.029100 ms MarkObjects: 1.498100 ms  DeleteObjects: 0.054100 ms)

