Using pre-set license
Built from '2020.3/staging' branch; Version is '2020.3.5f1 (8095aa901b9b) revision 8426922'; Using compiler version '192528614'; Build Type 'Release'
OS: 'Windows 10 Pro; OS build 19043.1165; Version 2009; 64bit' Language: 'en' Physical Memory: 16334 MB
BatchMode: 1, IsHumanControllingUs: 0, StartBugReporterOnCrash: 0, Is64bit: 1, IsPro: 0

 COMMAND LINE ARGUMENTS:
D:\Unity\2020.3.5f1\Editor\Unity.exe
-adb2
-batchMode
-noUpm
-name
AssetImportWorker2
-projectPath
F:/Projects_git/ModelB
-logFile
Logs/AssetImportWorker2.log
-srvPort
51449
Successfully changed project path to: F:/Projects_git/ModelB
F:/Projects_git/ModelB
Using Asset Import Pipeline V2.
Refreshing native plugins compatible for Editor in 24.49 ms, found 0 plugins.
Preloading 0 native plugins for Editor in 0.00 ms.
Initialize engine version: 2020.3.5f1 (8095aa901b9b)
[Subsystems] Discovering subsystems at path D:/Unity/2020.3.5f1/Editor/Data/Resources/UnitySubsystems
[Subsystems] Discovering subsystems at path F:/Projects_git/ModelB/Assets
GfxDevice: creating device client; threaded=0
Direct3D:
    Version:  Direct3D 11.0 [level 11.1]
    Renderer: Radeon RX 5500 XT (ID=0x7340)
    Vendor:   
    VRAM:     8151 MB
    Driver:   27.20.22023.1004
Initialize mono
Mono path[0] = 'D:/Unity/2020.3.5f1/Editor/Data/Managed'
Mono path[1] = 'D:/Unity/2020.3.5f1/Editor/Data/MonoBleedingEdge/lib/mono/unityjit'
Mono config path = 'D:/Unity/2020.3.5f1/Editor/Data/MonoBleedingEdge/etc'
Using monoOptions --debugger-agent=transport=dt_socket,embedding=1,server=y,suspend=n,address=127.0.0.1:56616
Begin MonoManager ReloadAssembly
Registering precompiled unity dll's ...
Register platform support module: D:/Unity/2020.3.5f1/Editor/Data/PlaybackEngines/WindowsStandaloneSupport/UnityEditor.WindowsStandalone.Extensions.dll
Register platform support module: D:/Unity/2020.3.5f1/Editor/Data/PlaybackEngines/LinuxStandaloneSupport/UnityEditor.LinuxStandalone.Extensions.dll
Registered in 0.001354 seconds.
Native extension for LinuxStandalone target not found
Native extension for WindowsStandalone target not found
Refreshing native plugins compatible for Editor in 23.86 ms, found 0 plugins.
Preloading 0 native plugins for Editor in 0.00 ms.
Mono: successfully reloaded assembly
- Completed reload, in  1.188 seconds
Platform modules already initialized, skipping
Registering precompiled user dll's ...
Registered in 0.000880 seconds.
Begin MonoManager ReloadAssembly
Native extension for LinuxStandalone target not found
Native extension for WindowsStandalone target not found
Refreshing native plugins compatible for Editor in 0.20 ms, found 0 plugins.
Preloading 0 native plugins for Editor in 0.00 ms.
Mono: successfully reloaded assembly
- Completed reload, in  1.019 seconds
Platform modules already initialized, skipping
========================================================================
Worker process is ready to serve import requests
Launched and connected shader compiler UnityShaderCompiler.exe after 0.20 seconds
Refreshing native plugins compatible for Editor in 0.20 ms, found 0 plugins.
Preloading 0 native plugins for Editor in 0.00 ms.
Unloading 1118 Unused Serialized files (Serialized files now loaded: 0)
System memory in use before: 57.3 MB.
System memory in use after: 57.4 MB.

Unloading 10 unused Assets to reduce memory usage. Loaded Objects now: 1560.
Total: 2.042100 ms (FindLiveObjects: 0.226200 ms CreateObjectMapping: 0.044500 ms MarkObjects: 1.684000 ms  DeleteObjects: 0.085200 ms)

========================================================================
Received Import Request.
  path: Assets/Scripts/Pipeline.cs
  artifactKey: Guid(66a4d7df887f0cc4785ae7dcb7b935ff) Importer(815301076,1909f56bfc062723c751e8b465ee728b)
Start importing Assets/Scripts/Pipeline.cs using Guid(66a4d7df887f0cc4785ae7dcb7b935ff) Importer(815301076,1909f56bfc062723c751e8b465ee728b)  -> (artifact id: '6b7d8fe6009155ab1f4183ed5cebe301') in 0.251058 seconds
  Import took 0.291572 seconds .

========================================================================
Received Import Request.
  Time since last request: 226.920940 seconds.
  path: Assets/Scripts/Pipeline.cs
  artifactKey: Guid(66a4d7df887f0cc4785ae7dcb7b935ff) Importer(815301076,1909f56bfc062723c751e8b465ee728b)
Start importing Assets/Scripts/Pipeline.cs using Guid(66a4d7df887f0cc4785ae7dcb7b935ff) Importer(815301076,1909f56bfc062723c751e8b465ee728b)  -> (artifact id: '6350744daecb5343be03b6064b4f4144') in 0.005795 seconds
  Import took 0.007907 seconds .

========================================================================
Received Prepare
Registering precompiled user dll's ...
Registered in 0.000946 seconds.
Begin MonoManager ReloadAssembly
Native extension for LinuxStandalone target not found
Native extension for WindowsStandalone target not found
Refreshing native plugins compatible for Editor in 0.21 ms, found 0 plugins.
Preloading 0 native plugins for Editor in 0.00 ms.
Mono: successfully reloaded assembly
- Completed reload, in  0.781 seconds
Platform modules already initialized, skipping
Refreshing native plugins compatible for Editor in 0.20 ms, found 0 plugins.
Preloading 0 native plugins for Editor in 0.00 ms.
Unloading 1113 Unused Serialized files (Serialized files now loaded: 0)
System memory in use before: 57.3 MB.
System memory in use after: 57.3 MB.

Unloading 5 unused Assets to reduce memory usage. Loaded Objects now: 1563.
Total: 2.540100 ms (FindLiveObjects: 0.285300 ms CreateObjectMapping: 0.058900 ms MarkObjects: 2.135900 ms  DeleteObjects: 0.058300 ms)

========================================================================
Received Prepare
Registering precompiled user dll's ...
Registered in 0.000808 seconds.
Begin MonoManager ReloadAssembly
Native extension for LinuxStandalone target not found
Native extension for WindowsStandalone target not found
Refreshing native plugins compatible for Editor in 0.19 ms, found 0 plugins.
Preloading 0 native plugins for Editor in 0.00 ms.
Mono: successfully reloaded assembly
- Completed reload, in  0.801 seconds
Platform modules already initialized, skipping
Refreshing native plugins compatible for Editor in 0.19 ms, found 0 plugins.
Preloading 0 native plugins for Editor in 0.00 ms.
Unloading 1113 Unused Serialized files (Serialized files now loaded: 0)
System memory in use before: 57.3 MB.
System memory in use after: 57.4 MB.

Unloading 5 unused Assets to reduce memory usage. Loaded Objects now: 1566.
Total: 2.026700 ms (FindLiveObjects: 0.176600 ms CreateObjectMapping: 0.036900 ms MarkObjects: 1.757500 ms  DeleteObjects: 0.054400 ms)

========================================================================
Received Import Request.
  Time since last request: 39.372593 seconds.
  path: Assets/Scripts/Pipeline.cs
  artifactKey: Guid(66a4d7df887f0cc4785ae7dcb7b935ff) Importer(815301076,1909f56bfc062723c751e8b465ee728b)
Start importing Assets/Scripts/Pipeline.cs using Guid(66a4d7df887f0cc4785ae7dcb7b935ff) Importer(815301076,1909f56bfc062723c751e8b465ee728b)  -> (artifact id: 'ce97013eea6a9e7e53dbe42d2c953643') in 0.004352 seconds
  Import took 0.006231 seconds .

========================================================================
Received Prepare
Registering precompiled user dll's ...
Registered in 0.000847 seconds.
Begin MonoManager ReloadAssembly
Native extension for LinuxStandalone target not found
Native extension for WindowsStandalone target not found
Refreshing native plugins compatible for Editor in 0.20 ms, found 0 plugins.
Preloading 0 native plugins for Editor in 0.00 ms.
Mono: successfully reloaded assembly
- Completed reload, in  0.816 seconds
Platform modules already initialized, skipping
Refreshing native plugins compatible for Editor in 0.19 ms, found 0 plugins.
Preloading 0 native plugins for Editor in 0.00 ms.
Unloading 1113 Unused Serialized files (Serialized files now loaded: 0)
System memory in use before: 57.3 MB.
System memory in use after: 57.4 MB.

Unloading 5 unused Assets to reduce memory usage. Loaded Objects now: 1569.
Total: 1.630900 ms (FindLiveObjects: 0.189300 ms CreateObjectMapping: 0.028400 ms MarkObjects: 1.363500 ms  DeleteObjects: 0.048800 ms)

========================================================================
Received Import Request.
  Time since last request: 30.625582 seconds.
  path: Assets/Scripts/Pipeline.cs
  artifactKey: Guid(66a4d7df887f0cc4785ae7dcb7b935ff) Importer(815301076,1909f56bfc062723c751e8b465ee728b)
Start importing Assets/Scripts/Pipeline.cs using Guid(66a4d7df887f0cc4785ae7dcb7b935ff) Importer(815301076,1909f56bfc062723c751e8b465ee728b)  -> (artifact id: '056e06a5e83612210d56ff7ceda9a811') in 0.004372 seconds
  Import took 0.006273 seconds .

========================================================================
Received Import Request.
  Time since last request: 1.265093 seconds.
  path: Assets/Scripts/Pipeline.cs
  artifactKey: Guid(66a4d7df887f0cc4785ae7dcb7b935ff) Importer(815301076,1909f56bfc062723c751e8b465ee728b)
Start importing Assets/Scripts/Pipeline.cs using Guid(66a4d7df887f0cc4785ae7dcb7b935ff) Importer(815301076,1909f56bfc062723c751e8b465ee728b)  -> (artifact id: '056e06a5e83612210d56ff7ceda9a811') in 0.002327 seconds
  Import took 0.004125 seconds .

========================================================================
Received Prepare
Registering precompiled user dll's ...
Registered in 0.000868 seconds.
Begin MonoManager ReloadAssembly
Native extension for LinuxStandalone target not found
Native extension for WindowsStandalone target not found
Refreshing native plugins compatible for Editor in 0.28 ms, found 0 plugins.
Preloading 0 native plugins for Editor in 0.00 ms.
Mono: successfully reloaded assembly
- Completed reload, in  0.771 seconds
Platform modules already initialized, skipping
Refreshing native plugins compatible for Editor in 0.19 ms, found 0 plugins.
Preloading 0 native plugins for Editor in 0.00 ms.
Unloading 1113 Unused Serialized files (Serialized files now loaded: 0)
System memory in use before: 57.3 MB.
System memory in use after: 57.4 MB.

Unloading 5 unused Assets to reduce memory usage. Loaded Objects now: 1572.
Total: 1.731200 ms (FindLiveObjects: 0.200500 ms CreateObjectMapping: 0.027400 ms MarkObjects: 1.445800 ms  DeleteObjects: 0.056500 ms)

========================================================================
Received Import Request.
  Time since last request: 29.591481 seconds.
  path: Assets/Scripts/Pipeline.cs
  artifactKey: Guid(66a4d7df887f0cc4785ae7dcb7b935ff) Importer(815301076,1909f56bfc062723c751e8b465ee728b)
Start importing Assets/Scripts/Pipeline.cs using Guid(66a4d7df887f0cc4785ae7dcb7b935ff) Importer(815301076,1909f56bfc062723c751e8b465ee728b)  -> (artifact id: 'e68c9bd1ca782c4e212812591467ff30') in 0.004571 seconds
  Import took 0.006472 seconds .

========================================================================
Received Import Request.
  Time since last request: 1.360285 seconds.
  path: Assets/Scripts/Pipeline.cs
  artifactKey: Guid(66a4d7df887f0cc4785ae7dcb7b935ff) Importer(815301076,1909f56bfc062723c751e8b465ee728b)
Start importing Assets/Scripts/Pipeline.cs using Guid(66a4d7df887f0cc4785ae7dcb7b935ff) Importer(815301076,1909f56bfc062723c751e8b465ee728b)  -> (artifact id: 'e68c9bd1ca782c4e212812591467ff30') in 0.002202 seconds
  Import took 0.003968 seconds .

========================================================================
Received Prepare
Registering precompiled user dll's ...
Registered in 0.001092 seconds.
Begin MonoManager ReloadAssembly
Native extension for LinuxStandalone target not found
Native extension for WindowsStandalone target not found
Refreshing native plugins compatible for Editor in 0.20 ms, found 0 plugins.
Preloading 0 native plugins for Editor in 0.00 ms.
Mono: successfully reloaded assembly
- Completed reload, in  0.779 seconds
Platform modules already initialized, skipping
Refreshing native plugins compatible for Editor in 0.20 ms, found 0 plugins.
Preloading 0 native plugins for Editor in 0.00 ms.
Unloading 1113 Unused Serialized files (Serialized files now loaded: 0)
System memory in use before: 57.3 MB.
System memory in use after: 57.4 MB.

Unloading 5 unused Assets to reduce memory usage. Loaded Objects now: 1575.
Total: 1.601600 ms (FindLiveObjects: 0.193500 ms CreateObjectMapping: 0.026300 ms MarkObjects: 1.329700 ms  DeleteObjects: 0.051000 ms)

========================================================================
Received Import Request.
  Time since last request: 35.749250 seconds.
  path: Assets/Scripts/Pipeline.cs
  artifactKey: Guid(66a4d7df887f0cc4785ae7dcb7b935ff) Importer(815301076,1909f56bfc062723c751e8b465ee728b)
Start importing Assets/Scripts/Pipeline.cs using Guid(66a4d7df887f0cc4785ae7dcb7b935ff) Importer(815301076,1909f56bfc062723c751e8b465ee728b)  -> (artifact id: 'b3f15569d0f3bef1b77afeba0b48cedf') in 0.004557 seconds
  Import took 0.006452 seconds .

========================================================================
Received Import Request.
  Time since last request: 1.537941 seconds.
  path: Assets/Scripts/Pipeline.cs
  artifactKey: Guid(66a4d7df887f0cc4785ae7dcb7b935ff) Importer(815301076,1909f56bfc062723c751e8b465ee728b)
Start importing Assets/Scripts/Pipeline.cs using Guid(66a4d7df887f0cc4785ae7dcb7b935ff) Importer(815301076,1909f56bfc062723c751e8b465ee728b)  -> (artifact id: 'b3f15569d0f3bef1b77afeba0b48cedf') in 0.002275 seconds
  Import took 0.004032 seconds .

========================================================================
Received Prepare
Registering precompiled user dll's ...
Registered in 0.000839 seconds.
Begin MonoManager ReloadAssembly
Native extension for LinuxStandalone target not found
Native extension for WindowsStandalone target not found
Refreshing native plugins compatible for Editor in 0.19 ms, found 0 plugins.
Preloading 0 native plugins for Editor in 0.00 ms.
Mono: successfully reloaded assembly
- Completed reload, in  0.758 seconds
Platform modules already initialized, skipping
Refreshing native plugins compatible for Editor in 0.20 ms, found 0 plugins.
Preloading 0 native plugins for Editor in 0.00 ms.
Unloading 1113 Unused Serialized files (Serialized files now loaded: 0)
System memory in use before: 57.3 MB.
System memory in use after: 57.4 MB.

Unloading 5 unused Assets to reduce memory usage. Loaded Objects now: 1578.
Total: 1.576300 ms (FindLiveObjects: 0.149300 ms CreateObjectMapping: 0.026900 ms MarkObjects: 1.348200 ms  DeleteObjects: 0.050700 ms)

========================================================================
Received Prepare
Registering precompiled user dll's ...
Registered in 0.000852 seconds.
Begin MonoManager ReloadAssembly
Native extension for LinuxStandalone target not found
Native extension for WindowsStandalone target not found
Refreshing native plugins compatible for Editor in 0.20 ms, found 0 plugins.
Preloading 0 native plugins for Editor in 0.00 ms.
Mono: successfully reloaded assembly
- Completed reload, in  0.765 seconds
Platform modules already initialized, skipping
Refreshing native plugins compatible for Editor in 0.21 ms, found 0 plugins.
Preloading 0 native plugins for Editor in 0.00 ms.
Unloading 1113 Unused Serialized files (Serialized files now loaded: 0)
System memory in use before: 57.3 MB.
System memory in use after: 57.4 MB.

Unloading 5 unused Assets to reduce memory usage. Loaded Objects now: 1581.
Total: 1.814200 ms (FindLiveObjects: 0.240100 ms CreateObjectMapping: 0.031200 ms MarkObjects: 1.487100 ms  DeleteObjects: 0.054500 ms)

========================================================================
Received Import Request.
  Time since last request: 29.020059 seconds.
  path: Assets/Scripts/Pipeline.cs
  artifactKey: Guid(66a4d7df887f0cc4785ae7dcb7b935ff) Importer(815301076,1909f56bfc062723c751e8b465ee728b)
Start importing Assets/Scripts/Pipeline.cs using Guid(66a4d7df887f0cc4785ae7dcb7b935ff) Importer(815301076,1909f56bfc062723c751e8b465ee728b)  -> (artifact id: '6702b873d70c35bd540471fc00ad83cf') in 0.004570 seconds
  Import took 0.006346 seconds .

========================================================================
Received Import Request.
  Time since last request: 1.465449 seconds.
  path: Assets/Scripts/Pipeline.cs
  artifactKey: Guid(66a4d7df887f0cc4785ae7dcb7b935ff) Importer(815301076,1909f56bfc062723c751e8b465ee728b)
Start importing Assets/Scripts/Pipeline.cs using Guid(66a4d7df887f0cc4785ae7dcb7b935ff) Importer(815301076,1909f56bfc062723c751e8b465ee728b)  -> (artifact id: '6702b873d70c35bd540471fc00ad83cf') in 0.002206 seconds
  Import took 0.003974 seconds .

========================================================================
Received Prepare
Registering precompiled user dll's ...
Registered in 0.000950 seconds.
Begin MonoManager ReloadAssembly
Native extension for LinuxStandalone target not found
Native extension for WindowsStandalone target not found
Refreshing native plugins compatible for Editor in 0.20 ms, found 0 plugins.
Preloading 0 native plugins for Editor in 0.00 ms.
Mono: successfully reloaded assembly
- Completed reload, in  0.765 seconds
Platform modules already initialized, skipping
Refreshing native plugins compatible for Editor in 0.20 ms, found 0 plugins.
Preloading 0 native plugins for Editor in 0.00 ms.
Unloading 1113 Unused Serialized files (Serialized files now loaded: 0)
System memory in use before: 57.3 MB.
System memory in use after: 57.4 MB.

Unloading 5 unused Assets to reduce memory usage. Loaded Objects now: 1584.
Total: 1.958600 ms (FindLiveObjects: 0.221800 ms CreateObjectMapping: 0.038500 ms MarkObjects: 1.638700 ms  DeleteObjects: 0.058000 ms)

========================================================================
Received Prepare
Registering precompiled user dll's ...
Registered in 0.000856 seconds.
Begin MonoManager ReloadAssembly
Native extension for LinuxStandalone target not found
Native extension for WindowsStandalone target not found
Refreshing native plugins compatible for Editor in 0.20 ms, found 0 plugins.
Preloading 0 native plugins for Editor in 0.00 ms.
Mono: successfully reloaded assembly
- Completed reload, in  0.788 seconds
Platform modules already initialized, skipping
Refreshing native plugins compatible for Editor in 0.21 ms, found 0 plugins.
Preloading 0 native plugins for Editor in 0.00 ms.
Unloading 1113 Unused Serialized files (Serialized files now loaded: 0)
System memory in use before: 57.4 MB.
System memory in use after: 57.4 MB.

Unloading 5 unused Assets to reduce memory usage. Loaded Objects now: 1587.
Total: 1.667600 ms (FindLiveObjects: 0.178600 ms CreateObjectMapping: 0.028600 ms MarkObjects: 1.406600 ms  DeleteObjects: 0.052200 ms)

========================================================================
Received Import Request.
  Time since last request: 107.450367 seconds.
  path: Assets/Scripts/Pipeline.cs
  artifactKey: Guid(66a4d7df887f0cc4785ae7dcb7b935ff) Importer(815301076,1909f56bfc062723c751e8b465ee728b)
Start importing Assets/Scripts/Pipeline.cs using Guid(66a4d7df887f0cc4785ae7dcb7b935ff) Importer(815301076,1909f56bfc062723c751e8b465ee728b)  -> (artifact id: '3589275a307a9e9b1a7281ecb05013f9') in 0.004725 seconds
  Import took 0.006586 seconds .

========================================================================
Received Import Request.
  Time since last request: 1.424834 seconds.
  path: Assets/Scripts/Pipeline.cs
  artifactKey: Guid(66a4d7df887f0cc4785ae7dcb7b935ff) Importer(815301076,1909f56bfc062723c751e8b465ee728b)
Start importing Assets/Scripts/Pipeline.cs using Guid(66a4d7df887f0cc4785ae7dcb7b935ff) Importer(815301076,1909f56bfc062723c751e8b465ee728b)  -> (artifact id: '3589275a307a9e9b1a7281ecb05013f9') in 0.026820 seconds
  Import took 0.028636 seconds .

========================================================================
Received Prepare
Registering precompiled user dll's ...
Registered in 0.001024 seconds.
Begin MonoManager ReloadAssembly
Native extension for LinuxStandalone target not found
Native extension for WindowsStandalone target not found
Refreshing native plugins compatible for Editor in 0.23 ms, found 0 plugins.
Preloading 0 native plugins for Editor in 0.00 ms.
Mono: successfully reloaded assembly
- Completed reload, in  0.759 seconds
Platform modules already initialized, skipping
Refreshing native plugins compatible for Editor in 0.20 ms, found 0 plugins.
Preloading 0 native plugins for Editor in 0.00 ms.
Unloading 1113 Unused Serialized files (Serialized files now loaded: 0)
System memory in use before: 57.4 MB.
System memory in use after: 57.4 MB.

Unloading 5 unused Assets to reduce memory usage. Loaded Objects now: 1590.
Total: 2.021900 ms (FindLiveObjects: 0.214000 ms CreateObjectMapping: 0.032500 ms MarkObjects: 1.715900 ms  DeleteObjects: 0.057900 ms)

========================================================================
Received Import Request.
  Time since last request: 25.522626 seconds.
  path: Assets/Scripts/Pipeline.cs
  artifactKey: Guid(66a4d7df887f0cc4785ae7dcb7b935ff) Importer(815301076,1909f56bfc062723c751e8b465ee728b)
Start importing Assets/Scripts/Pipeline.cs using Guid(66a4d7df887f0cc4785ae7dcb7b935ff) Importer(815301076,1909f56bfc062723c751e8b465ee728b)  -> (artifact id: '4cc0d8ff856cde11bd9b67cfc366be1c') in 0.004995 seconds
  Import took 0.006798 seconds .

========================================================================
Received Import Request.
  Time since last request: 1.609070 seconds.
  path: Assets/Scripts/Pipeline.cs
  artifactKey: Guid(66a4d7df887f0cc4785ae7dcb7b935ff) Importer(815301076,1909f56bfc062723c751e8b465ee728b)
Start importing Assets/Scripts/Pipeline.cs using Guid(66a4d7df887f0cc4785ae7dcb7b935ff) Importer(815301076,1909f56bfc062723c751e8b465ee728b)  -> (artifact id: '4cc0d8ff856cde11bd9b67cfc366be1c') in 0.002679 seconds
  Import took 0.004554 seconds .

========================================================================
Received Prepare
Registering precompiled user dll's ...
Registered in 0.001068 seconds.
Begin MonoManager ReloadAssembly
Native extension for LinuxStandalone target not found
Native extension for WindowsStandalone target not found
Refreshing native plugins compatible for Editor in 0.20 ms, found 0 plugins.
Preloading 0 native plugins for Editor in 0.00 ms.
Mono: successfully reloaded assembly
- Completed reload, in  0.801 seconds
Platform modules already initialized, skipping
Refreshing native plugins compatible for Editor in 0.19 ms, found 0 plugins.
Preloading 0 native plugins for Editor in 0.00 ms.
Unloading 1113 Unused Serialized files (Serialized files now loaded: 0)
System memory in use before: 57.4 MB.
System memory in use after: 57.4 MB.

Unloading 5 unused Assets to reduce memory usage. Loaded Objects now: 1593.
Total: 1.927600 ms (FindLiveObjects: 0.249300 ms CreateObjectMapping: 0.041700 ms MarkObjects: 1.578000 ms  DeleteObjects: 0.057200 ms)

========================================================================
Received Import Request.
  Time since last request: 45.719541 seconds.
  path: Assets/Scripts/Pipeline.cs
  artifactKey: Guid(66a4d7df887f0cc4785ae7dcb7b935ff) Importer(815301076,1909f56bfc062723c751e8b465ee728b)
Start importing Assets/Scripts/Pipeline.cs using Guid(66a4d7df887f0cc4785ae7dcb7b935ff) Importer(815301076,1909f56bfc062723c751e8b465ee728b)  -> (artifact id: '6633063d096c0e7b5e8e2b14ac1be5a8') in 0.004527 seconds
  Import took 0.006367 seconds .

========================================================================
Received Prepare
Registering precompiled user dll's ...
Registered in 0.000883 seconds.
Begin MonoManager ReloadAssembly
Native extension for LinuxStandalone target not found
Native extension for WindowsStandalone target not found
Refreshing native plugins compatible for Editor in 0.33 ms, found 0 plugins.
Preloading 0 native plugins for Editor in 0.00 ms.
Mono: successfully reloaded assembly
- Completed reload, in  0.781 seconds
Platform modules already initialized, skipping
Refreshing native plugins compatible for Editor in 0.21 ms, found 0 plugins.
Preloading 0 native plugins for Editor in 0.00 ms.
Unloading 1113 Unused Serialized files (Serialized files now loaded: 0)
System memory in use before: 57.4 MB.
System memory in use after: 57.4 MB.

Unloading 5 unused Assets to reduce memory usage. Loaded Objects now: 1596.
Total: 1.821900 ms (FindLiveObjects: 0.223900 ms CreateObjectMapping: 0.034400 ms MarkObjects: 1.505400 ms  DeleteObjects: 0.056400 ms)

========================================================================
Received Import Request.
  Time since last request: 107.090831 seconds.
  path: Assets/Scripts/Pipeline.cs
  artifactKey: Guid(66a4d7df887f0cc4785ae7dcb7b935ff) Importer(815301076,1909f56bfc062723c751e8b465ee728b)
Start importing Assets/Scripts/Pipeline.cs using Guid(66a4d7df887f0cc4785ae7dcb7b935ff) Importer(815301076,1909f56bfc062723c751e8b465ee728b)  -> (artifact id: '7eefd1f1d59906c94a36dd9cd6d431b6') in 0.009498 seconds
  Import took 0.011403 seconds .

========================================================================
Received Prepare
Registering precompiled user dll's ...
Registered in 0.000879 seconds.
Begin MonoManager ReloadAssembly
Native extension for LinuxStandalone target not found
Native extension for WindowsStandalone target not found
Refreshing native plugins compatible for Editor in 0.20 ms, found 0 plugins.
Preloading 0 native plugins for Editor in 0.00 ms.
Mono: successfully reloaded assembly
- Completed reload, in  0.820 seconds
Platform modules already initialized, skipping
Refreshing native plugins compatible for Editor in 0.22 ms, found 0 plugins.
Preloading 0 native plugins for Editor in 0.00 ms.
Unloading 1113 Unused Serialized files (Serialized files now loaded: 0)
System memory in use before: 57.4 MB.
System memory in use after: 57.4 MB.

Unloading 5 unused Assets to reduce memory usage. Loaded Objects now: 1599.
Total: 1.949000 ms (FindLiveObjects: 0.169900 ms CreateObjectMapping: 0.029900 ms MarkObjects: 1.680600 ms  DeleteObjects: 0.067600 ms)

========================================================================
Received Prepare
Registering precompiled user dll's ...
Registered in 0.001131 seconds.
Begin MonoManager ReloadAssembly
Native extension for LinuxStandalone target not found
Native extension for WindowsStandalone target not found
Refreshing native plugins compatible for Editor in 0.19 ms, found 0 plugins.
Preloading 0 native plugins for Editor in 0.00 ms.
Mono: successfully reloaded assembly
- Completed reload, in  0.789 seconds
Platform modules already initialized, skipping
Refreshing native plugins compatible for Editor in 0.20 ms, found 0 plugins.
Preloading 0 native plugins for Editor in 0.00 ms.
Unloading 1113 Unused Serialized files (Serialized files now loaded: 0)
System memory in use before: 57.4 MB.
System memory in use after: 57.5 MB.

Unloading 5 unused Assets to reduce memory usage. Loaded Objects now: 1602.
Total: 1.810200 ms (FindLiveObjects: 0.240700 ms CreateObjectMapping: 0.049500 ms MarkObjects: 1.464300 ms  DeleteObjects: 0.054700 ms)

AssetImportWorkerClient::OnTransportError - code=2 error=End of file
