Using pre-set license
Built from '2020.3/staging' branch; Version is '2020.3.5f1 (8095aa901b9b) revision 8426922'; Using compiler version '192528614'; Build Type 'Release'
OS: 'Windows 10 Pro; OS build 19043.1165; Version 2009; 64bit' Language: 'en' Physical Memory: 16334 MB
BatchMode: 1, IsHumanControllingUs: 0, StartBugReporterOnCrash: 0, Is64bit: 1, IsPro: 0

 COMMAND LINE ARGUMENTS:
D:\Unity\2020.3.5f1\Editor\Unity.exe
-adb2
-batchMode
-noUpm
-name
AssetImportWorker0
-projectPath
F:/Projects_git/ModelB
-logFile
Logs/AssetImportWorker0.log
-srvPort
62796
Successfully changed project path to: F:/Projects_git/ModelB
F:/Projects_git/ModelB
Using Asset Import Pipeline V2.
Refreshing native plugins compatible for Editor in 25.94 ms, found 0 plugins.
Preloading 0 native plugins for Editor in 0.00 ms.
Initialize engine version: 2020.3.5f1 (8095aa901b9b)
[Subsystems] Discovering subsystems at path D:/Unity/2020.3.5f1/Editor/Data/Resources/UnitySubsystems
[Subsystems] Discovering subsystems at path F:/Projects_git/ModelB/Assets
GfxDevice: creating device client; threaded=0
Direct3D:
    Version:  Direct3D 11.0 [level 11.1]
    Renderer: Radeon RX 5500 XT (ID=0x7340)
    Vendor:   
    VRAM:     8151 MB
    Driver:   27.20.22023.1004
Initialize mono
Mono path[0] = 'D:/Unity/2020.3.5f1/Editor/Data/Managed'
Mono path[1] = 'D:/Unity/2020.3.5f1/Editor/Data/MonoBleedingEdge/lib/mono/unityjit'
Mono config path = 'D:/Unity/2020.3.5f1/Editor/Data/MonoBleedingEdge/etc'
Using monoOptions --debugger-agent=transport=dt_socket,embedding=1,server=y,suspend=n,address=127.0.0.1:56084
Begin MonoManager ReloadAssembly
Registering precompiled unity dll's ...
Register platform support module: D:/Unity/2020.3.5f1/Editor/Data/PlaybackEngines/WindowsStandaloneSupport/UnityEditor.WindowsStandalone.Extensions.dll
Register platform support module: D:/Unity/2020.3.5f1/Editor/Data/PlaybackEngines/LinuxStandaloneSupport/UnityEditor.LinuxStandalone.Extensions.dll
Registered in 0.005574 seconds.
Native extension for LinuxStandalone target not found
Native extension for WindowsStandalone target not found
Refreshing native plugins compatible for Editor in 28.54 ms, found 0 plugins.
Preloading 0 native plugins for Editor in 0.00 ms.
Mono: successfully reloaded assembly
- Completed reload, in  1.452 seconds
Platform modules already initialized, skipping
Registering precompiled user dll's ...
Registered in 0.001113 seconds.
Begin MonoManager ReloadAssembly
Native extension for LinuxStandalone target not found
Native extension for WindowsStandalone target not found
Refreshing native plugins compatible for Editor in 0.27 ms, found 0 plugins.
Preloading 0 native plugins for Editor in 0.00 ms.
Mono: successfully reloaded assembly
- Completed reload, in  0.992 seconds
Platform modules already initialized, skipping
========================================================================
Worker process is ready to serve import requests
Launched and connected shader compiler UnityShaderCompiler.exe after 0.04 seconds
Refreshing native plugins compatible for Editor in 0.19 ms, found 0 plugins.
Preloading 0 native plugins for Editor in 0.00 ms.
Unloading 1118 Unused Serialized files (Serialized files now loaded: 0)
System memory in use before: 57.3 MB.
System memory in use after: 57.4 MB.

Unloading 10 unused Assets to reduce memory usage. Loaded Objects now: 1560.
Total: 2.723300 ms (FindLiveObjects: 0.354100 ms CreateObjectMapping: 0.063100 ms MarkObjects: 2.204800 ms  DeleteObjects: 0.099600 ms)

========================================================================
Received Import Request.
  path: Assets/Scripts/Pipeline.cs
  artifactKey: Guid(66a4d7df887f0cc4785ae7dcb7b935ff) Importer(815301076,1909f56bfc062723c751e8b465ee728b)
Start importing Assets/Scripts/Pipeline.cs using Guid(66a4d7df887f0cc4785ae7dcb7b935ff) Importer(815301076,1909f56bfc062723c751e8b465ee728b)  -> (artifact id: '91180fb281a300b46990bf791bccb0cd') in 0.045748 seconds
  Import took 0.047660 seconds .

========================================================================
Received Import Request.
  Time since last request: 52.025137 seconds.
  path: Assets/Scripts/Pipeline.cs
  artifactKey: Guid(66a4d7df887f0cc4785ae7dcb7b935ff) Importer(815301076,1909f56bfc062723c751e8b465ee728b)
Start importing Assets/Scripts/Pipeline.cs using Guid(66a4d7df887f0cc4785ae7dcb7b935ff) Importer(815301076,1909f56bfc062723c751e8b465ee728b)  -> (artifact id: 'da6e6d7631fc71104418df07ecff19ac') in 0.003125 seconds
  Import took 0.005878 seconds .

========================================================================
Received Import Request.
  Time since last request: 55.079492 seconds.
  path: Assets/Scripts/Pipeline.cs
  artifactKey: Guid(66a4d7df887f0cc4785ae7dcb7b935ff) Importer(815301076,1909f56bfc062723c751e8b465ee728b)
Start importing Assets/Scripts/Pipeline.cs using Guid(66a4d7df887f0cc4785ae7dcb7b935ff) Importer(815301076,1909f56bfc062723c751e8b465ee728b)  -> (artifact id: '748ed5270ccbb44a58bacfab2f373c7a') in 0.002444 seconds
  Import took 0.004836 seconds .

========================================================================
Received Prepare
Registering precompiled user dll's ...
Registered in 0.000933 seconds.
Begin MonoManager ReloadAssembly
Native extension for LinuxStandalone target not found
Native extension for WindowsStandalone target not found
Refreshing native plugins compatible for Editor in 0.21 ms, found 0 plugins.
Preloading 0 native plugins for Editor in 0.00 ms.
Mono: successfully reloaded assembly
- Completed reload, in  0.877 seconds
Platform modules already initialized, skipping
Refreshing native plugins compatible for Editor in 0.20 ms, found 0 plugins.
Preloading 0 native plugins for Editor in 0.00 ms.
Unloading 1113 Unused Serialized files (Serialized files now loaded: 0)
System memory in use before: 57.3 MB.
System memory in use after: 57.3 MB.

Unloading 5 unused Assets to reduce memory usage. Loaded Objects now: 1563.
Total: 1.763400 ms (FindLiveObjects: 0.146700 ms CreateObjectMapping: 0.051000 ms MarkObjects: 1.502500 ms  DeleteObjects: 0.059600 ms)

========================================================================
Received Prepare
Registering precompiled user dll's ...
Registered in 0.000794 seconds.
Begin MonoManager ReloadAssembly
Native extension for LinuxStandalone target not found
Native extension for WindowsStandalone target not found
Refreshing native plugins compatible for Editor in 0.20 ms, found 0 plugins.
Preloading 0 native plugins for Editor in 0.00 ms.
Mono: successfully reloaded assembly
- Completed reload, in  0.844 seconds
Platform modules already initialized, skipping
Refreshing native plugins compatible for Editor in 0.25 ms, found 0 plugins.
Preloading 0 native plugins for Editor in 0.00 ms.
Unloading 1113 Unused Serialized files (Serialized files now loaded: 0)
System memory in use before: 57.3 MB.
System memory in use after: 57.4 MB.

Unloading 5 unused Assets to reduce memory usage. Loaded Objects now: 1566.
Total: 1.703500 ms (FindLiveObjects: 0.156300 ms CreateObjectMapping: 0.047800 ms MarkObjects: 1.448300 ms  DeleteObjects: 0.049900 ms)

========================================================================
Received Import Request.
  Time since last request: 889.186127 seconds.
  path: Assets/Scripts/Pipeline.cs
  artifactKey: Guid(66a4d7df887f0cc4785ae7dcb7b935ff) Importer(815301076,1909f56bfc062723c751e8b465ee728b)
Start importing Assets/Scripts/Pipeline.cs using Guid(66a4d7df887f0cc4785ae7dcb7b935ff) Importer(815301076,1909f56bfc062723c751e8b465ee728b)  -> (artifact id: '5a73c4700a24aa156dbfc9db395a4775') in 0.004675 seconds
  Import took 0.006779 seconds .

AssetImportWorkerClient::OnTransportError - code=2 error=End of file
